<?xml version="1.0" encoding="UTF-8"?>
<!-- Generated by org.testng.reporters.JUnitXMLReporter -->
<testsuite hostname="LAPTOP-V1NTB097" ignored="0" name="Test" tests="3" failures="0" timestamp="2022-10-31T10:46:44 IST" time="75.33" errors="0">
  <testcase name="opp" time="6.404" classname="Test_Cases.DashboardPageTest"/>
  <testcase name="FillDetails" time="17.538" classname="Test_Cases.OppourtinitiesPageTest"/>
  <testcase name="login" time="12.508" classname="Test_Cases.X2LoginPageTest"/>
</testsuite> <!-- Test -->
