<?xml version="1.0" encoding="UTF-8"?>
<!-- Generated by org.testng.reporters.JUnitXMLReporter -->
<testsuite hostname="LAPTOP-V1NTB097" ignored="0" name="Free CRM App Test Cases" tests="3" failures="0" timestamp="2022-10-29T11:53:30 IST" time="72.674" errors="0">
  <testcase name="opp" time="4.149" classname="Test_Cases.DashboardPageTest"/>
  <testcase name="FillDetails" time="15.767" classname="Test_Cases.OppourtinitiesPageTest"/>
  <testcase name="login" time="10.87" classname="Test_Cases.X2LoginPageTest"/>
</testsuite> <!-- Free CRM App Test Cases -->
