<?xml version="1.0" encoding="UTF-8"?>
<!-- Generated by org.testng.reporters.JUnitXMLReporter -->
<testsuite hostname="LAPTOP-V1NTB097" ignored="0" name="X2_CRM_TestCases" tests="3" failures="0" timestamp="2022-10-28T12:02:03 IST" time="71.399" errors="0">
  <testcase name="login" time="12.419" classname="Test_Cases.X2LoginPageTest"/>
  <testcase name="opp" time="3.926" classname="Test_Cases.DashboardPageTest"/>
  <testcase name="FillDetails" time="16.083" classname="Test_Cases.OppourtinitiesPageTest"/>
</testsuite> <!-- X2_CRM_TestCases -->
